0 info it worked if it ends with ok
1 verbose cli [ 'C:\\WORK\\Node\\node.exe',
1 verbose cli   'C:\\WORK\\Node\\node_modules\\npm\\bin\\npm-cli.js',
1 verbose cli   'run',
1 verbose cli   'dyserver.js' ]
2 info using npm@4.1.2
3 info using node@v7.5.0
4 verbose stack Error: missing script: dyserver.js
4 verbose stack     at run (C:\WORK\Node\node_modules\npm\lib\run-script.js:151:19)
4 verbose stack     at C:\WORK\Node\node_modules\npm\lib\run-script.js:61:5
4 verbose stack     at C:\WORK\Node\node_modules\npm\node_modules\read-package-json\read-json.js:356:5
4 verbose stack     at checkBinReferences_ (C:\WORK\Node\node_modules\npm\node_modules\read-package-json\read-json.js:320:45)
4 verbose stack     at final (C:\WORK\Node\node_modules\npm\node_modules\read-package-json\read-json.js:354:3)
4 verbose stack     at then (C:\WORK\Node\node_modules\npm\node_modules\read-package-json\read-json.js:124:5)
4 verbose stack     at ReadFileContext.<anonymous> (C:\WORK\Node\node_modules\npm\node_modules\read-package-json\read-json.js:295:20)
4 verbose stack     at ReadFileContext.callback (C:\WORK\Node\node_modules\npm\node_modules\graceful-fs\graceful-fs.js:78:16)
4 verbose stack     at FSReqWrap.readFileAfterOpen [as oncomplete] (fs.js:336:13)
5 verbose cwd D:\workSpace\LiveWeb\lesson4
6 error Windows_NT 10.0.15063
7 error argv "C:\\WORK\\Node\\node.exe" "C:\\WORK\\Node\\node_modules\\npm\\bin\\npm-cli.js" "run" "dyserver.js"
8 error node v7.5.0
9 error npm  v4.1.2
10 error missing script: dyserver.js
11 error If you need help, you may report this error at:
11 error     <https://github.com/npm/npm/issues>
12 verbose exit [ 1, true ]
