2018-05-28 09:30 +08:00: RecurrenceRule {
  recurs: true,
  year: null,
  month: null,
  date: null,
  dayOfWeek: null,
  hour: 0,
  minute: 0,
  second: 0 }
2018-05-28 09:30 +08:00: RecurrenceRule {
  recurs: true,
  year: null,
  month: null,
  date: null,
  dayOfWeek: null,
  hour: 0,
  minute: 0,
  second: 0 }
2018-05-28 09:30 +08:00: RecurrenceRule {
  recurs: true,
  year: null,
  month: null,
  date: null,
  dayOfWeek: null,
  hour: 0,
  minute: 0,
  second: 0 }
2018-05-28 09:30 +08:00: RecurrenceRule {
  recurs: true,
  year: null,
  month: null,
  date: null,
  dayOfWeek: null,
  hour: 0,
  minute: 0,
  second: 0 }
2018-05-28 09:30 +08:00: RecurrenceRule {
  recurs: true,
  year: null,
  month: null,
  date: null,
  dayOfWeek: null,
  hour: 0,
  minute: 0,
  second: 0 }
2018-05-28 09:30 +08:00: RecurrenceRule {
  recurs: true,
  year: null,
  month: null,
  date: null,
  dayOfWeek: null,
  hour: 0,
  minute: 0,
  second: 0 }
2018-05-28 09:30 +08:00: RecurrenceRule {
  recurs: true,
  year: null,
  month: null,
  date: null,
  dayOfWeek: null,
  hour: 0,
  minute: 0,
  second: 0 }
2018-05-28 09:30 +08:00: RecurrenceRule {
  recurs: true,
  year: null,
  month: null,
  date: null,
  dayOfWeek: null,
  hour: 0,
  minute: 0,
  second: 0 }
2018-05-28 09:30 +08:00: RecurrenceRule {
  recurs: true,
  year: null,
  month: null,
  date: null,
  dayOfWeek: null,
  hour: 0,
  minute: 0,
  second: 0 }
2018-05-28 09:30 +08:00: RecurrenceRule {
  recurs: true,
  year: null,
  month: null,
  date: null,
  dayOfWeek: null,
  hour: 0,
  minute: 0,
  second: 0 }
2018-05-28 09:30 +08:00: RecurrenceRule {
  recurs: true,
  year: null,
  month: null,
  date: null,
  dayOfWeek: null,
  hour: 0,
  minute: 0,
  second: 0 }
2018-05-28 09:30 +08:00: RecurrenceRule {
  recurs: true,
  year: null,
  month: null,
  date: null,
  dayOfWeek: null,
  hour: 0,
  minute: 0,
  second: 0 }
2018-05-28 09:31 +08:00: RecurrenceRule {
  recurs: true,
  year: null,
  month: null,
  date: null,
  dayOfWeek: null,
  hour: 0,
  minute: 0,
  second: 0 }
2018-05-28 09:31 +08:00: RecurrenceRule {
  recurs: true,
  year: null,
  month: null,
  date: null,
  dayOfWeek: null,
  hour: 0,
  minute: 0,
  second: 0 }
2018-05-28 09:31 +08:00: RecurrenceRule {
  recurs: true,
  year: null,
  month: null,
  date: null,
  dayOfWeek: null,
  hour: 0,
  minute: 0,
  second: 0 }
2018-05-28 09:32 +08:00: RecurrenceRule {
  recurs: true,
  year: null,
  month: null,
  date: null,
  dayOfWeek: null,
  hour: 0,
  minute: 0,
  second: 0 }
2018-05-28 09:32 +08:00: RecurrenceRule {
  recurs: true,
  year: null,
  month: null,
  date: null,
  dayOfWeek: null,
  hour: 0,
  minute: 0,
  second: 0 }
2018-05-28 09:33 +08:00: RecurrenceRule {
  recurs: true,
  year: null,
  month: null,
  date: null,
  dayOfWeek: null,
  hour: 0,
  minute: 0,
  second: 0 }
2018-05-28 09:33 +08:00: RecurrenceRule {
  recurs: true,
  year: null,
  month: null,
  date: null,
  dayOfWeek: null,
  hour: 0,
  minute: 0,
  second: 0 }
2018-05-28 09:34 +08:00: RecurrenceRule {
  recurs: true,
  year: null,
  month: null,
  date: null,
  dayOfWeek: null,
  hour: 0,
  minute: 0,
  second: 0 }
2018-05-28 09:34 +08:00: RecurrenceRule {
  recurs: true,
  year: null,
  month: null,
  date: null,
  dayOfWeek: null,
  hour: 0,
  minute: 0,
  second: 0 }
2018-05-28 09:35 +08:00: RecurrenceRule {
  recurs: true,
  year: null,
  month: null,
  date: null,
  dayOfWeek: null,
  hour: 0,
  minute: 0,
  second: 0 }
2018-05-28 09:36 +08:00: RecurrenceRule {
  recurs: true,
  year: null,
  month: null,
  date: null,
  dayOfWeek: null,
  hour: 0,
  minute: 0,
  second: 0 }
2018-05-28 09:36 +08:00: RecurrenceRule {
  recurs: true,
  year: null,
  month: null,
  date: null,
  dayOfWeek: null,
  hour: 0,
  minute: 0,
  second: 0 }
2018-05-28 09:37 +08:00: RecurrenceRule {
  recurs: true,
  year: null,
  month: null,
  date: null,
  dayOfWeek: null,
  hour: 0,
  minute: 0,
  second: 0 }
2018-05-28 09:37 +08:00: RecurrenceRule {
  recurs: true,
  year: null,
  month: null,
  date: null,
  dayOfWeek: null,
  hour: 0,
  minute: 0,
  second: 0 }
2018-05-28 09:38 +08:00: RecurrenceRule {
  recurs: true,
  year: null,
  month: null,
  date: null,
  dayOfWeek: null,
  hour: 0,
  minute: 0,
  second: 0 }
2018-05-28 09:38 +08:00: RecurrenceRule {
  recurs: true,
  year: null,
  month: null,
  date: null,
  dayOfWeek: null,
  hour: 0,
  minute: 0,
  second: 0 }
